<?xml version="1.0" encoding="UTF-8"?>
<!-- Generated by org.testng.reporters.JUnitXMLReporter -->
<testsuite hostname="Shane-PC" name="Test" tests="17" failures="11" timestamp="1 Jul 2014 19:01:08 GMT" time="0.39" errors="0">
  <testcase name="GradableItem" time="0.015" classname="Metrics.GradableItemTest"/>
  <testcase name="addScore" time="0.002" classname="Metrics.GradableItemTest"/>
  <testcase name="getName" time="0.002" classname="Metrics.GradableItemTest"/>
  <testcase name="getScoreString" time="0.001" classname="Metrics.GradableItemTest">
    <failure type="java.lang.NullPointerException">
      <![CDATA[java.lang.NullPointerException
	at Metrics.GradableItemTest.getScoreString(GradableItemTest.java:38)
... Removed 24 stack frames]]>
    </failure>
  </testcase> <!-- getScoreString -->
  <testcase name="getScoreint" time="0.001" classname="Metrics.GradableItemTest">
    <failure type="java.lang.NullPointerException">
      <![CDATA[java.lang.NullPointerException
	at Metrics.GradableItemTest.getScoreint(GradableItemTest.java:32)
... Removed 24 stack frames]]>
    </failure>
  </testcase> <!-- getScoreint -->
  <testcase name="setName" time="0.001" classname="Metrics.GradableItemTest"/>
  <testcase name="Metric" time="0.001" classname="Metrics.MetricTest">
    <failure type="java.lang.RuntimeException" message="Test not implemented">
      <![CDATA[java.lang.RuntimeException: Test not implemented
	at Metrics.MetricTest.Metric(MetricTest.java:9)
... Removed 24 stack frames]]>
    </failure>
  </testcase> <!-- Metric -->
  <testcase name="getName" time="0.001" classname="Metrics.MetricTest">
    <failure type="java.lang.RuntimeException" message="Test not implemented">
      <![CDATA[java.lang.RuntimeException: Test not implemented
	at Metrics.MetricTest.getName(MetricTest.java:14)
... Removed 24 stack frames]]>
    </failure>
  </testcase> <!-- getName -->
  <testcase name="getPrecision" time="0.001" classname="Metrics.MetricTest">
    <failure type="java.lang.RuntimeException" message="Test not implemented">
      <![CDATA[java.lang.RuntimeException: Test not implemented
	at Metrics.MetricTest.getPrecision(MetricTest.java:19)
... Removed 24 stack frames]]>
    </failure>
  </testcase> <!-- getPrecision -->
  <testcase name="getSortType" time="0.0" classname="Metrics.MetricTest">
    <failure type="java.lang.RuntimeException" message="Test not implemented">
      <![CDATA[java.lang.RuntimeException: Test not implemented
	at Metrics.MetricTest.getSortType(MetricTest.java:24)
... Removed 24 stack frames]]>
    </failure>
  </testcase> <!-- getSortType -->
  <testcase name="getWeight" time="0.0" classname="Metrics.MetricTest">
    <failure type="java.lang.RuntimeException" message="Test not implemented">
      <![CDATA[java.lang.RuntimeException: Test not implemented
	at Metrics.MetricTest.getWeight(MetricTest.java:29)
... Removed 24 stack frames]]>
    </failure>
  </testcase> <!-- getWeight -->
  <testcase name="setName" time="0.001" classname="Metrics.MetricTest">
    <failure type="java.lang.RuntimeException" message="Test not implemented">
      <![CDATA[java.lang.RuntimeException: Test not implemented
	at Metrics.MetricTest.setName(MetricTest.java:34)
... Removed 24 stack frames]]>
    </failure>
  </testcase> <!-- setName -->
  <testcase name="setPrecision" time="0.001" classname="Metrics.MetricTest">
    <failure type="java.lang.RuntimeException" message="Test not implemented">
      <![CDATA[java.lang.RuntimeException: Test not implemented
	at Metrics.MetricTest.setPrecision(MetricTest.java:39)
... Removed 24 stack frames]]>
    </failure>
  </testcase> <!-- setPrecision -->
  <testcase name="setSortType" time="0.25" classname="Metrics.MetricTest">
    <failure type="java.lang.RuntimeException" message="Test not implemented">
      <![CDATA[java.lang.RuntimeException: Test not implemented
	at Metrics.MetricTest.setSortType(MetricTest.java:44)
... Removed 24 stack frames]]>
    </failure>
  </testcase> <!-- setSortType -->
  <testcase name="setWeight" time="0.001" classname="Metrics.MetricTest">
    <failure type="java.lang.RuntimeException" message="Test not implemented">
      <![CDATA[java.lang.RuntimeException: Test not implemented
	at Metrics.MetricTest.setWeight(MetricTest.java:49)
... Removed 24 stack frames]]>
    </failure>
  </testcase> <!-- setWeight -->
  <testcase name="getPassword" time="0.004" classname="Metrics.UserTest"/>
  <testcase name="getUsername" time="0.004" classname="Metrics.UserTest"/>
</testsuite> <!-- Test -->
